<?xml version="1.0" encoding="UTF-8"?>
<!-- Generated by org.testng.reporters.JUnitReportReporter -->
<testsuite hostname="MOR-ROMANO" failures="0" tests="1" name="tests.Web.PositionWeb" time="14.883" errors="0" timestamp="26 Jan 2023 20:50:05 GMT" skipped="0">
  <testcase classname="tests.Web.PositionWeb" name="test_validate_year" time="14.883"/>
</testsuite> <!-- tests.Web.PositionWeb -->
