<?xml version="1.0" encoding="UTF-8"?>
<!-- Generated by org.testng.reporters.JUnitReportReporter -->
<testsuite hostname="MOR-ROMANO" failures="0" tests="3" name="tests.Web.SolutionWeb" time="8.765" errors="0" timestamp="26 Jan 2023 20:50:05 GMT" skipped="0">
  <testcase classname="tests.Web.SolutionWeb" name="test02_validate_email_tab" time="2.977"/>
  <testcase classname="tests.Web.SolutionWeb" name="test03_validate_protect_tab" time="3.279"/>
  <testcase classname="tests.Web.SolutionWeb" name="test01_validate_starter_tab" time="2.509"/>
</testsuite> <!-- tests.Web.SolutionWeb -->
