<?xml version="1.0" encoding="UTF-8"?>
<!-- Generated by org.testng.reporters.JUnitReportReporter -->
<testsuite hostname="MOR-ROMANO" failures="0" tests="3" name="tests.Java.RemoveJava" time="0.017" errors="0" timestamp="26 Jan 2023 19:52:10 GMT" skipped="0">
  <testcase classname="tests.Java.RemoveJava" name="test03_supposed_to_fail" time="0.001"/>
  <testcase classname="tests.Java.RemoveJava" name="test02_IronScales" time="0.000"/>
  <testcase classname="tests.Java.RemoveJava" name="test01_hello_world" time="0.016"/>
</testsuite> <!-- tests.Java.RemoveJava -->
